<?xml version="1.0" encoding="UTF-8"?>
<robot generator="Robot 7.0.1 (Python 3.12.4 on darwin)" generated="2024-07-16T18:02:51.275827" rpa="false" schemaversion="5">
<suite id="s1" name="Test uno" source="/Users/mauricio/Documents/Pycharm/pythonProject/Curso_Selenium/Test_Case/Test_uno.robot">
<test id="s1-t1" name="Mi primer test" line="10">
<kw name="Open Browser" owner="SeleniumLibrary">
<msg time="2024-07-16T18:02:51.350320" level="INFO">Opening browser 'chrome' to base url 'https://demoqa.com/text-box'.</msg>
<arg>https://demoqa.com/text-box</arg>
<arg>chrome</arg>
<doc>Opens a new browser instance to the optional ``url``.</doc>
<status status="PASS" start="2024-07-16T18:02:51.350236" elapsed="1.151394"/>
</kw>
<kw name="Maximize Browser Window" owner="SeleniumLibrary">
<doc>Maximizes current browser window.</doc>
<status status="PASS" start="2024-07-16T18:02:52.504718" elapsed="2.164664"/>
</kw>
<kw name="Sleep" owner="BuiltIn">
<msg time="2024-07-16T18:02:56.671514" level="INFO">Slept 2 seconds.</msg>
<arg>2</arg>
<doc>Pauses the test executed for the given time.</doc>
<status status="PASS" start="2024-07-16T18:02:54.669671" elapsed="2.001935"/>
</kw>
<kw name="Input Text" owner="SeleniumLibrary">
<msg time="2024-07-16T18:02:56.672091" level="INFO">Typing text 'Mauricio' into text field 'id=userName'.</msg>
<arg>id=userName</arg>
<arg>Mauricio</arg>
<doc>Types the given ``text`` into the text field identified by ``locator``.</doc>
<status status="PASS" start="2024-07-16T18:02:56.671750" elapsed="0.096005"/>
</kw>
<kw name="Input Text" owner="SeleniumLibrary">
<msg time="2024-07-16T18:02:56.767998" level="INFO">Typing text 'mauricio@example.com' into text field 'id=userEmail'.</msg>
<arg>id=userEmail</arg>
<arg>mauricio@example.com</arg>
<doc>Types the given ``text`` into the text field identified by ``locator``.</doc>
<status status="PASS" start="2024-07-16T18:02:56.767885" elapsed="0.027159"/>
</kw>
<kw name="Input Text" owner="SeleniumLibrary">
<msg time="2024-07-16T18:02:56.795272" level="INFO">Typing text 'Calle 123, 456,' into text field 'id=currentAddress'.</msg>
<arg>id=currentAddress</arg>
<arg>Calle 123, 456,</arg>
<doc>Types the given ``text`` into the text field identified by ``locator``.</doc>
<status status="PASS" start="2024-07-16T18:02:56.795164" elapsed="0.026435"/>
</kw>
<kw name="Input Text" owner="SeleniumLibrary">
<msg time="2024-07-16T18:02:56.821814" level="INFO">Typing text 'Calle 789, 123,' into text field 'id=permanentAddress'.</msg>
<arg>id=permanentAddress</arg>
<arg>Calle 789, 123,</arg>
<doc>Types the given ``text`` into the text field identified by ``locator``.</doc>
<status status="PASS" start="2024-07-16T18:02:56.821719" elapsed="0.041494"/>
</kw>
<kw name="Sleep" owner="BuiltIn">
<msg time="2024-07-16T18:02:58.866077" level="INFO">Slept 2 seconds.</msg>
<arg>2</arg>
<doc>Pauses the test executed for the given time.</doc>
<status status="PASS" start="2024-07-16T18:02:56.863582" elapsed="2.002991"/>
</kw>
<kw name="Click Button" owner="SeleniumLibrary">
<msg time="2024-07-16T18:02:58.868438" level="INFO">Clicking button 'id=submit'.</msg>
<arg>id=submit</arg>
<doc>Clicks the button identified by ``locator``.</doc>
<status status="PASS" start="2024-07-16T18:02:58.867742" elapsed="0.043606"/>
</kw>
<kw name="Sleep" owner="BuiltIn">
<msg time="2024-07-16T18:03:00.912972" level="INFO">Slept 2 seconds.</msg>
<arg>2</arg>
<doc>Pauses the test executed for the given time.</doc>
<status status="PASS" start="2024-07-16T18:02:58.911503" elapsed="2.001730"/>
</kw>
<kw name="Execute Javascript" owner="SeleniumLibrary">
<msg time="2024-07-16T18:03:00.914841" level="INFO">Executing JavaScript:
window.scrollTo(0,200)
Without any arguments.</msg>
<arg>window.scrollTo(0,200)</arg>
<doc>Executes the given JavaScript code with possible arguments.</doc>
<status status="PASS" start="2024-07-16T18:03:00.913742" elapsed="0.013911"/>
</kw>
<kw name="Sleep" owner="BuiltIn">
<msg time="2024-07-16T18:03:02.928457" level="INFO">Slept 2 seconds.</msg>
<arg>2</arg>
<doc>Pauses the test executed for the given time.</doc>
<status status="PASS" start="2024-07-16T18:03:00.928003" elapsed="2.000566"/>
</kw>
<kw name="Close Browser" owner="SeleniumLibrary">
<doc>Closes the current browser.</doc>
<status status="PASS" start="2024-07-16T18:03:02.928802" elapsed="0.094733"/>
</kw>
<doc>Prueba de validación de formulario de contacto</doc>
<tag>Test_uno</tag>
<status status="PASS" start="2024-07-16T18:02:51.349908" elapsed="11.673828"/>
</test>
<test id="s1-t2" name="Mi segundo test" line="27">
<kw name="Open Browser" owner="SeleniumLibrary">
<msg time="2024-07-16T18:03:03.024237" level="INFO">Opening browser 'chrome' to base url 'https://demoqa.com/text-box'.</msg>
<arg>https://demoqa.com/text-box</arg>
<arg>chrome</arg>
<doc>Opens a new browser instance to the optional ``url``.</doc>
<status status="PASS" start="2024-07-16T18:03:03.024120" elapsed="3.888205"/>
</kw>
<kw name="Maximize Browser Window" owner="SeleniumLibrary">
<doc>Maximizes current browser window.</doc>
<status status="PASS" start="2024-07-16T18:03:06.912742" elapsed="0.468594"/>
</kw>
<kw name="Sleep" owner="BuiltIn">
<msg time="2024-07-16T18:03:08.384598" level="INFO">Slept 1 second.</msg>
<arg>1</arg>
<doc>Pauses the test executed for the given time.</doc>
<status status="PASS" start="2024-07-16T18:03:07.381719" elapsed="1.002939"/>
</kw>
<kw name="Input Text" owner="SeleniumLibrary">
<msg time="2024-07-16T18:03:08.384948" level="INFO">Typing text 'Mauricio' into text field 'id=userName'.</msg>
<arg>id=userName</arg>
<arg>Mauricio</arg>
<doc>Types the given ``text`` into the text field identified by ``locator``.</doc>
<status status="PASS" start="2024-07-16T18:03:08.384786" elapsed="0.087604"/>
</kw>
<kw name="Sleep" owner="BuiltIn">
<msg time="2024-07-16T18:03:09.473715" level="INFO">Slept 1 second.</msg>
<arg>1</arg>
<doc>Pauses the test executed for the given time.</doc>
<status status="PASS" start="2024-07-16T18:03:08.472506" elapsed="1.001371"/>
</kw>
<kw name="Input Text" owner="SeleniumLibrary">
<msg time="2024-07-16T18:03:09.474467" level="INFO">Typing text 'mauricio@example.com' into text field 'id=userEmail'.</msg>
<arg>id=userEmail</arg>
<arg>mauricio@example.com</arg>
<doc>Types the given ``text`` into the text field identified by ``locator``.</doc>
<status status="PASS" start="2024-07-16T18:03:09.474190" elapsed="0.049739"/>
</kw>
<kw name="Sleep" owner="BuiltIn">
<msg time="2024-07-16T18:03:10.525199" level="INFO">Slept 1 second.</msg>
<arg>1</arg>
<doc>Pauses the test executed for the given time.</doc>
<status status="PASS" start="2024-07-16T18:03:09.524066" elapsed="1.001282"/>
</kw>
<kw name="Input Text" owner="SeleniumLibrary">
<msg time="2024-07-16T18:03:10.525919" level="INFO">Typing text 'Calle 123, 455,' into text field 'id=currentAddress'.</msg>
<arg>id=currentAddress</arg>
<arg>Calle 123, 455,</arg>
<doc>Types the given ``text`` into the text field identified by ``locator``.</doc>
<status status="PASS" start="2024-07-16T18:03:10.525656" elapsed="0.043550"/>
</kw>
<kw name="Sleep" owner="BuiltIn">
<msg time="2024-07-16T18:03:11.571291" level="INFO">Slept 1 second.</msg>
<arg>1</arg>
<doc>Pauses the test executed for the given time.</doc>
<status status="PASS" start="2024-07-16T18:03:10.569360" elapsed="1.002072"/>
</kw>
<kw name="Input Text" owner="SeleniumLibrary">
<msg time="2024-07-16T18:03:11.572007" level="INFO">Typing text 'Calle 789, 122,' into text field 'id=permanentAddress'.</msg>
<arg>id=permanentAddress</arg>
<arg>Calle 789, 122,</arg>
<doc>Types the given ``text`` into the text field identified by ``locator``.</doc>
<status status="PASS" start="2024-07-16T18:03:11.571750" elapsed="0.041956"/>
</kw>
<kw name="Sleep" owner="BuiltIn">
<msg time="2024-07-16T18:03:12.616316" level="INFO">Slept 1 second.</msg>
<arg>1</arg>
<doc>Pauses the test executed for the given time.</doc>
<status status="PASS" start="2024-07-16T18:03:11.613839" elapsed="1.002642"/>
</kw>
<kw name="Click Button" owner="SeleniumLibrary">
<msg time="2024-07-16T18:03:12.617528" level="INFO">Clicking button 'id=submit'.</msg>
<arg>id=submit</arg>
<doc>Clicks the button identified by ``locator``.</doc>
<status status="PASS" start="2024-07-16T18:03:12.616882" elapsed="0.035099"/>
</kw>
<kw name="Sleep" owner="BuiltIn">
<msg time="2024-07-16T18:03:13.654665" level="INFO">Slept 1 second.</msg>
<arg>1</arg>
<doc>Pauses the test executed for the given time.</doc>
<status status="PASS" start="2024-07-16T18:03:12.652257" elapsed="1.002537"/>
</kw>
<kw name="Close Browser" owner="SeleniumLibrary">
<doc>Closes the current browser.</doc>
<status status="PASS" start="2024-07-16T18:03:13.655042" elapsed="0.092079"/>
</kw>
<doc>Prueba de validación de formulario de contacto 2</doc>
<tag>Test_dos</tag>
<status status="PASS" start="2024-07-16T18:03:03.023908" elapsed="10.723372"/>
</test>
<doc>Proyecto de pruebas para demoQA</doc>
<status status="PASS" start="2024-07-16T18:02:51.276363" elapsed="22.471200"/>
</suite>
<statistics>
<total>
<stat pass="2" fail="0" skip="0">All Tests</stat>
</total>
<tag>
<stat pass="1" fail="0" skip="0">Test_dos</stat>
<stat pass="1" fail="0" skip="0">Test_uno</stat>
</tag>
<suite>
<stat pass="2" fail="0" skip="0" id="s1" name="Test uno">Test uno</stat>
</suite>
</statistics>
<errors>
</errors>
</robot>
