<?xml version="1.0" encoding="UTF-8"?>
<robot generator="Robot 7.0.1 (Python 3.12.4 on darwin)" generated="2024-07-25T18:19:22.275727" rpa="false" schemaversion="5">
<suite id="s1" name="Switch" source="/Users/mauricio/Documents/Pycharm/pythonProject/Curso_Selenium/Test_Cases2/Switch.robot">
<test id="s1-t1" name="Demo Uno" line="13">
<kw name="Open Browser" owner="SeleniumLibrary">
<msg time="2024-07-25T18:19:22.337811" level="INFO">Opening browser 'chrome' to base url 'https://demoqa.com/'.</msg>
<arg>${url}</arg>
<arg>${navegador}</arg>
<doc>Opens a new browser instance to the optional ``url``.</doc>
<status status="PASS" start="2024-07-25T18:19:22.337714" elapsed="10.988186"/>
</kw>
<kw name="Maximize Browser Window" owner="SeleniumLibrary">
<doc>Maximizes current browser window.</doc>
<status status="PASS" start="2024-07-25T18:19:33.326943" elapsed="0.449695"/>
</kw>
<kw name="Title Should Be" owner="SeleniumLibrary">
<msg time="2024-07-25T18:19:33.780361" level="INFO">Page title is 'DEMOQA'.</msg>
<arg>DEMOQA</arg>
<doc>Verifies that the current page title equals ``title``.</doc>
<status status="PASS" start="2024-07-25T18:19:33.776901" elapsed="0.003548"/>
</kw>
<kw name="Set Selenium Implicit Wait" owner="SeleniumLibrary">
<arg>10</arg>
<doc>Sets the implicit wait value used by Selenium.</doc>
<status status="PASS" start="2024-07-25T18:19:33.780639" elapsed="0.000822"/>
</kw>
<kw name="Set Selenium Speed" owner="SeleniumLibrary">
<arg>.5 seconds</arg>
<doc>Sets the delay that is waited after each Selenium command.</doc>
<status status="PASS" start="2024-07-25T18:19:33.781588" elapsed="0.000158"/>
</kw>
<kw name="Switch Browser" owner="SeleniumLibrary">
<arg>1</arg>
<doc>Switches between active browsers using ``index_or_alias``.</doc>
<status status="PASS" start="2024-07-25T18:19:33.781842" elapsed="0.000116"/>
</kw>
<kw name="Get Title" owner="SeleniumLibrary">
<msg time="2024-07-25T18:19:34.293870" level="INFO">${titulo1} = DEMOQA</msg>
<var>${titulo1}</var>
<doc>Returns the title of the current page.</doc>
<status status="PASS" start="2024-07-25T18:19:33.782041" elapsed="0.511961"/>
</kw>
<kw name="Log To Console" owner="BuiltIn">
<arg>${titulo1}</arg>
<doc>Logs the given message to the console.</doc>
<status status="PASS" start="2024-07-25T18:19:34.294653" elapsed="0.000673"/>
</kw>
<kw name="Sleep" owner="BuiltIn">
<msg time="2024-07-25T18:19:36.296689" level="INFO">Slept 2 seconds.</msg>
<arg>2</arg>
<doc>Pauses the test executed for the given time.</doc>
<status status="PASS" start="2024-07-25T18:19:34.295672" elapsed="2.001285"/>
</kw>
<kw name="Close Browser" owner="SeleniumLibrary">
<doc>Closes the current browser.</doc>
<status status="PASS" start="2024-07-25T18:19:36.297801" elapsed="0.574551"/>
</kw>
<kw name="Open Browser" owner="SeleniumLibrary">
<msg time="2024-07-25T18:19:36.873081" level="INFO">Opening browser 'chrome' to base url 'https://www.liverpool.com.mx/tienda/'.</msg>
<arg>https://www.liverpool.com.mx/tienda/</arg>
<arg>${navegador}</arg>
<doc>Opens a new browser instance to the optional ``url``.</doc>
<status status="PASS" start="2024-07-25T18:19:36.872720" elapsed="3.527747"/>
</kw>
<kw name="Maximize Browser Window" owner="SeleniumLibrary">
<doc>Maximizes current browser window.</doc>
<status status="PASS" start="2024-07-25T18:19:40.400805" elapsed="1.075844"/>
</kw>
<kw name="Title Should Be" owner="SeleniumLibrary">
<msg time="2024-07-25T18:19:41.989882" level="INFO">Page title is 'Liverpool es parte de mi vida | Liverpool.com.mx'.</msg>
<arg>Liverpool es parte de mi vida | Liverpool.com.mx</arg>
<doc>Verifies that the current page title equals ``title``.</doc>
<status status="PASS" start="2024-07-25T18:19:41.477769" elapsed="0.512412"/>
</kw>
<kw name="Switch Browser" owner="SeleniumLibrary">
<arg>2</arg>
<doc>Switches between active browsers using ``index_or_alias``.</doc>
<status status="PASS" start="2024-07-25T18:19:41.990782" elapsed="0.000489"/>
</kw>
<kw name="Get Title" owner="SeleniumLibrary">
<msg time="2024-07-25T18:19:42.498953" level="INFO">${titulo2} = Liverpool es parte de mi vida | Liverpool.com.mx</msg>
<var>${titulo2}</var>
<doc>Returns the title of the current page.</doc>
<status status="PASS" start="2024-07-25T18:19:41.991590" elapsed="0.507497"/>
</kw>
<kw name="Log To Console" owner="BuiltIn">
<arg>${titulo2}</arg>
<doc>Logs the given message to the console.</doc>
<status status="PASS" start="2024-07-25T18:19:42.499718" elapsed="0.000580"/>
</kw>
<kw name="Sleep" owner="BuiltIn">
<msg time="2024-07-25T18:19:44.501557" level="INFO">Slept 2 seconds.</msg>
<arg>2</arg>
<doc>Pauses the test executed for the given time.</doc>
<status status="PASS" start="2024-07-25T18:19:42.500673" elapsed="2.001071"/>
</kw>
<kw name="Close Browser" owner="SeleniumLibrary">
<doc>Closes the current browser.</doc>
<status status="PASS" start="2024-07-25T18:19:44.502300" elapsed="0.565499"/>
</kw>
<doc>Switch en navegador</doc>
<tag>Test_uno</tag>
<status status="PASS" start="2024-07-25T18:19:22.337409" elapsed="22.731385"/>
</test>
<doc>Switch en Navegadore</doc>
<status status="PASS" start="2024-07-25T18:19:22.276127" elapsed="22.794551"/>
</suite>
<statistics>
<total>
<stat pass="1" fail="0" skip="0">All Tests</stat>
</total>
<tag>
<stat pass="1" fail="0" skip="0">Test_uno</stat>
</tag>
<suite>
<stat pass="1" fail="0" skip="0" id="s1" name="Switch">Switch</stat>
</suite>
</statistics>
<errors>
</errors>
</robot>
