<?xml version="1.0" encoding="UTF-8"?>
<robot generator="Robot 7.0.1 (Python 3.12.4 on darwin)" generated="2024-08-14T20:37:35.855361" rpa="false" schemaversion="5">
<suite id="s1" name="Api Dos" source="/Users/mauricio/Documents/Pycharm/pythonProject/Curso_Selenium/Test_Cases4/api_dos.robot">
<test id="s1-t1" name="Api borrar Registro (DELETE)" line="90">
<kw name="Create Session" owner="RequestsLibrary">
<msg time="2024-08-14T20:37:35.964218" level="INFO">Creating Session using : alias=pagina_api, url=https://reqres.in/, headers={},                     cookies={}, auth=None, timeout=None, proxies=None, verify=False,                     debug=0 </msg>
<arg>pagina_api</arg>
<arg>${url_api}</arg>
<doc>Create Session: create a HTTP session to a server</doc>
<status status="PASS" start="2024-08-14T20:37:35.964147" elapsed="0.000151"/>
</kw>
<kw name="Delete Request" owner="RequestsLibrary">
<msg time="2024-08-14T20:37:35.964394" level="WARN">Keyword 'RequestsLibrary.Delete Request' is deprecated. Please use `DELETE On Session` instead.</msg>
<msg time="2024-08-14T20:37:36.628972" level="INFO">DELETE Request : url=https://reqres.in/api/users/170 
 path_url=/api/users/170 
 headers={'User-Agent': 'python-requests/2.32.3', 'Accept-Encoding': 'gzip, deflate', 'Accept': '*/*', 'Connection': 'keep-alive', 'Content-Length': '0'} 
 body=None 
 </msg>
<msg time="2024-08-14T20:37:36.629186" level="INFO">DELETE Response : url=https://reqres.in/api/users/170 
 status=204, reason=No Content 
 headers={'Date': 'Thu, 15 Aug 2024 02:37:36 GMT', 'Content-Length': '0', 'Connection': 'keep-alive', 'Report-To': '{"group":"heroku-nel","max_age":3600,"endpoints":[{"url":"https://nel.heroku.com/reports?ts=1723689456&amp;sid=c4c9725f-1ab0-44d8-820f-430df2718e11&amp;s=EDKX%2F3LputICMJEooojOqN7fkyL0VUYP%2BSBoLYnanj4%3D"}]}', 'Reporting-Endpoints': 'heroku-nel=https://nel.heroku.com/reports?ts=1723689456&amp;sid=c4c9725f-1ab0-44d8-820f-430df2718e11&amp;s=EDKX%2F3LputICMJEooojOqN7fkyL0VUYP%2BSBoLYnanj4%3D', 'Nel': '{"report_to":"heroku-nel","max_age":3600,"success_fraction":0.005,"failure_fraction":0.05,"response_headers":["Via"]}', 'X-Powered-By': 'Express', 'Access-Control-Allow-Origin': '*', 'Etag': 'W/"2-vyGp6PvFo4RvsFtPoIWeCReyIC8"', 'Via': '1.1 vegur', 'CF-Cache-Status': 'DYNAMIC', 'Server': 'cloudflare', 'CF-RAY': '8b35cdbda81b0fb9-LAX'} 
 body=None 
 </msg>
<msg time="2024-08-14T20:37:36.629351" level="INFO">/Users/mauricio/Documents/Pycharm/pythonProject/Curso_Selenium/.venv/lib/python3.12/site-packages/urllib3/connectionpool.py:1099: InsecureRequestWarning: Unverified HTTPS request is being made to host 'reqres.in'. Adding certificate verification is strongly advised. See: https://urllib3.readthedocs.io/en/latest/advanced-usage.html#tls-warnings
  warnings.warn(</msg>
<msg time="2024-08-14T20:37:36.629683" level="INFO">${response} = &lt;Response [204]&gt;</msg>
<var>${response}</var>
<arg>pagina_api</arg>
<arg>api/users/170</arg>
<doc>*DEPRECATED* Please use `DELETE On Session` instead.</doc>
<status status="PASS" start="2024-08-14T20:37:35.964380" elapsed="0.665363"/>
</kw>
<kw name="Log To Console" owner="BuiltIn">
<arg>${response.status_code}</arg>
<doc>Logs the given message to the console.</doc>
<status status="PASS" start="2024-08-14T20:37:36.630290" elapsed="0.001201"/>
</kw>
<kw name="Convert To String" owner="BuiltIn">
<msg time="2024-08-14T20:37:36.632363" level="INFO">${status} = 204</msg>
<var>${status}</var>
<arg>${response.status_code}</arg>
<doc>Converts the given item to a Unicode string.</doc>
<status status="PASS" start="2024-08-14T20:37:36.631811" elapsed="0.000579"/>
</kw>
<kw name="Should Be Equal" owner="BuiltIn">
<arg>${status}</arg>
<arg>204</arg>
<doc>Fails if the given objects are unequal.</doc>
<status status="PASS" start="2024-08-14T20:37:36.632591" elapsed="0.000197"/>
</kw>
<doc>Api Delete regisotro</doc>
<tag>test_delete</tag>
<status status="PASS" start="2024-08-14T20:37:35.963797" elapsed="0.669198"/>
</test>
<doc>Api Rest</doc>
<status status="PASS" start="2024-08-14T20:37:35.855828" elapsed="0.777773"/>
</suite>
<statistics>
<total>
<stat pass="1" fail="0" skip="0">All Tests</stat>
</total>
<tag>
<stat pass="1" fail="0" skip="0">test_delete</stat>
</tag>
<suite>
<stat pass="1" fail="0" skip="0" id="s1" name="Api Dos">Api Dos</stat>
</suite>
</statistics>
<errors>
<msg time="2024-08-14T20:37:35.964394" level="WARN">Keyword 'RequestsLibrary.Delete Request' is deprecated. Please use `DELETE On Session` instead.</msg>
</errors>
</robot>
