<?xml version="1.0" encoding="UTF-8"?>
<robot generator="Robot 7.0.1 (Python 3.12.4 on darwin)" generated="2024-08-15T13:13:24.260021" rpa="false" schemaversion="5">
<suite id="s1" name="BuiltIn" source="/Users/mauricio/Documents/Pycharm/pythonProject/Curso_Selenium/Test_Cases5/BuiltIn.robot">
<test id="s1-t1" name="Comparar Run Keyword IF" line="138">
<kw name="Set Variable" owner="BuiltIn">
<msg time="2024-08-15T13:13:24.347447" level="INFO">${nom} = Miguel</msg>
<var>${nom}</var>
<arg>Miguel</arg>
<doc>Returns the given values which can then be assigned to a variables.</doc>
<status status="PASS" start="2024-08-15T13:13:24.347381" elapsed="0.000078"/>
</kw>
<kw name="Run Keyword If" owner="BuiltIn">
<kw name="&quot;no te conozco&quot;">
<msg time="2024-08-15T13:13:24.348353" level="FAIL">No keyword with name '"no te conozco"' found.</msg>
<status status="FAIL" start="2024-08-15T13:13:24.348338" elapsed="0.000032">No keyword with name '"no te conozco"' found.</status>
</kw>
<arg>'${nom}' == 'Pedro'</arg>
<arg>Bienvenido</arg>
<arg>ELSE IF '${nom}' == 'Miguel'</arg>
<arg>dato dos</arg>
<arg>ELSE</arg>
<arg>"no te conozco"</arg>
<doc>Runs the given keyword with the given arguments, if ``condition`` is true.</doc>
<status status="FAIL" start="2024-08-15T13:13:24.347700" elapsed="0.000694">No keyword with name '"no te conozco"' found.</status>
</kw>
<doc>Builtln Validar con keyword if</doc>
<tag>test_keyword_if</tag>
<status status="FAIL" start="2024-08-15T13:13:24.347054" elapsed="0.001414">No keyword with name '"no te conozco"' found.</status>
</test>
<doc>Builtln</doc>
<status status="FAIL" start="2024-08-15T13:13:24.260601" elapsed="0.088013"/>
</suite>
<statistics>
<total>
<stat pass="0" fail="1" skip="0">All Tests</stat>
</total>
<tag>
<stat pass="0" fail="1" skip="0">test_keyword_if</stat>
</tag>
<suite>
<stat pass="0" fail="1" skip="0" id="s1" name="BuiltIn">BuiltIn</stat>
</suite>
</statistics>
<errors>
</errors>
</robot>
